<?xml version="1.0" encoding="UTF-8"?>
<!-- Generated by org.testng.reporters.JUnitReportReporter -->
<testsuite hostname="DESKTOP-47SN06I" failures="0" tests="1" name="com.nopCommerce.testCases.TC001_LoginTest" time="28.928" errors="0" timestamp="28 Jan 2022 09:24:48 GMT" skipped="0">
  <testcase classname="com.nopCommerce.testCases.TC001_LoginTest" name="LoginTest" time="28.928"/>
</testsuite> <!-- com.nopCommerce.testCases.TC001_LoginTest -->
